<?xml version="1.0" encoding="UTF-8"?>
<robot generator="Robot 7.4.1 (Python 3.12.12 on linux)" generated="2026-01-15T20:44:46.873916" rpa="false" schemaversion="5">
<suite id="s1" name="Tests" source="/tests/tests">
<suite id="s1-s1" name="Burger Menu Navigation" source="/tests/tests/burger_menu_navigation.robot">
<kw name="Open Browser To URL" owner="Lib1" type="SETUP">
<msg time="2026-01-15T20:44:51.427292" level="FAIL">SessionNotCreatedException: Message: session not created: Chrome instance exited. Examine ChromeDriver verbose log to determine the cause.; For documentation on this error, please visit: https://www.selenium.dev/documentation/webdriver/troubleshooting/errors#sessionnotcreatedexception
Stacktrace:
#0 0x5a68e5c51b22 &lt;unknown&gt;
#1 0x5a68e5680a56 &lt;unknown&gt;
#2 0x5a68e56bd550 &lt;unknown&gt;
#3 0x5a68e56b7403 &lt;unknown&gt;
#4 0x5a68e5707afc &lt;unknown&gt;
#5 0x5a68e570724d &lt;unknown&gt;
#6 0x5a68e56f7ec7 &lt;unknown&gt;
#7 0x5a68e56c5232 &lt;unknown&gt;
#8 0x5a68e56c60a5 &lt;unknown&gt;
#9 0x5a68e5c16374 &lt;unknown&gt;
#10 0x5a68e5c196b6 &lt;unknown&gt;
#11 0x5a68e5c1916e &lt;unknown&gt;
#12 0x5a68e5c19b29 &lt;unknown&gt;
#13 0x5a68e5c05c8a &lt;unknown&gt;
#14 0x5a68e5c19eaa &lt;unknown&gt;
#15 0x5a68e5bedf59 &lt;unknown&gt;
#16 0x5a68e5c3f159 &lt;unknown&gt;
#17 0x5a68e5c3f34d &lt;unknown&gt;
#18 0x5a68e5c50e2e &lt;unknown&gt;
#19 0x721fb01fbb7b &lt;unknown&gt;
</msg>
<doc>Ouvre le navigateur à l'URL spécifiée ou à l'URL de base</doc>
<status status="FAIL" start="2026-01-15T20:44:47.030513" elapsed="4.402578">SessionNotCreatedException: Message: session not created: Chrome instance exited. Examine ChromeDriver verbose log to determine the cause.; For documentation on this error, please visit: https://www.selenium.dev/documentation/webdriver/troubleshooting/errors#sessionnotcreatedexception
Stacktrace:
#0 0x5a68e5c51b22 &lt;unknown&gt;
#1 0x5a68e5680a56 &lt;unknown&gt;
#2 0x5a68e56bd550 &lt;unknown&gt;
#3 0x5a68e56b7403 &lt;unknown&gt;
#4 0x5a68e5707afc &lt;unknown&gt;
#5 0x5a68e570724d &lt;unknown&gt;
#6 0x5a68e56f7ec7 &lt;unknown&gt;
#7 0x5a68e56c5232 &lt;unknown&gt;
#8 0x5a68e56c60a5 &lt;unknown&gt;
#9 0x5a68e5c16374 &lt;unknown&gt;
#10 0x5a68e5c196b6 &lt;unknown&gt;
#11 0x5a68e5c1916e &lt;unknown&gt;
#12 0x5a68e5c19b29 &lt;unknown&gt;
#13 0x5a68e5c05c8a &lt;unknown&gt;
#14 0x5a68e5c19eaa &lt;unknown&gt;
#15 0x5a68e5bedf59 &lt;unknown&gt;
#16 0x5a68e5c3f159 &lt;unknown&gt;
#17 0x5a68e5c3f34d &lt;unknown&gt;
#18 0x5a68e5c50e2e &lt;unknown&gt;
#19 0x721fb01fbb7b &lt;unknown&gt;
</status>
</kw>
<test id="s1-s1-t1" name="Test Menu Burger Global Standard User" line="23">
<doc>Test d'ouverture du menu burger et vérification des options
pour l'utilisateur standard</doc>
<tag>burger_menu</tag>
<tag>critical</tag>
<tag>menu_visibility</tag>
<tag>standard_user</tag>
<status status="FAIL" start="2026-01-15T20:44:51.433744" elapsed="0.002145">Parent suite setup failed:
SessionNotCreatedException: Message: session not created: Chrome instance exited. Examine ChromeDriver verbose log to determine the cause.; For documentation on this error, please visit: https://www.selenium.dev/documentation/webdriver/troubleshooting/errors#sessionnotcreatedexception
Stacktrace:
#0 0x5a68e5c51b22 &lt;unknown&gt;
#1 0x5a68e5680a56 &lt;unknown&gt;
#2 0x5a68e56bd550 &lt;unknown&gt;
#3 0x5a68e56b7403 &lt;unknown&gt;
#4 0x5a68e5707afc &lt;unknown&gt;
#5 0x5a68e570724d &lt;unknown&gt;
#6 0x5a68e56f7ec7 &lt;unknown&gt;
#7 0x5a68e56c5232 &lt;unknown&gt;
#8 0x5a68e56c60a5 &lt;unknown&gt;
#9 0x5a68e5c16374 &lt;unknown&gt;
#10 0x5a68e5c196b6 &lt;unknown&gt;
#11 0x5a68e5c1916e &lt;unknown&gt;
#12 0x5a68e5c19b29 &lt;unknown&gt;
#13 0x5a68e5c05c8a &lt;unknown&gt;
#14 0x5a68e5c19eaa &lt;unknown&gt;
#15 0x5a68e5bedf59 &lt;unknown&gt;
#16 0x5a68e5c3f159 &lt;unknown&gt;
#17 0x5a68e5c3f34d &lt;unknown&gt;
#18 0x5a68e5c50e2e &lt;unknown&gt;
#19 0x721fb01fbb7b &lt;unknown&gt;
</status>
</test>
<test id="s1-s1-t2" name="Test All Items Option For Standard User" line="47">
<doc>Test de l'option "All Items" du menu burger
Vérifie qu'on reste sur la même page</doc>
<tag>all_items</tag>
<tag>burger_menu</tag>
<tag>standard_user</tag>
<status status="FAIL" start="2026-01-15T20:44:51.437232" elapsed="0.002809">Parent suite setup failed:
SessionNotCreatedException: Message: session not created: Chrome instance exited. Examine ChromeDriver verbose log to determine the cause.; For documentation on this error, please visit: https://www.selenium.dev/documentation/webdriver/troubleshooting/errors#sessionnotcreatedexception
Stacktrace:
#0 0x5a68e5c51b22 &lt;unknown&gt;
#1 0x5a68e5680a56 &lt;unknown&gt;
#2 0x5a68e56bd550 &lt;unknown&gt;
#3 0x5a68e56b7403 &lt;unknown&gt;
#4 0x5a68e5707afc &lt;unknown&gt;
#5 0x5a68e570724d &lt;unknown&gt;
#6 0x5a68e56f7ec7 &lt;unknown&gt;
#7 0x5a68e56c5232 &lt;unknown&gt;
#8 0x5a68e56c60a5 &lt;unknown&gt;
#9 0x5a68e5c16374 &lt;unknown&gt;
#10 0x5a68e5c196b6 &lt;unknown&gt;
#11 0x5a68e5c1916e &lt;unknown&gt;
#12 0x5a68e5c19b29 &lt;unknown&gt;
#13 0x5a68e5c05c8a &lt;unknown&gt;
#14 0x5a68e5c19eaa &lt;unknown&gt;
#15 0x5a68e5bedf59 &lt;unknown&gt;
#16 0x5a68e5c3f159 &lt;unknown&gt;
#17 0x5a68e5c3f34d &lt;unknown&gt;
#18 0x5a68e5c50e2e &lt;unknown&gt;
#19 0x721fb01fbb7b &lt;unknown&gt;
</status>
</test>
<test id="s1-s1-t3" name="Test About Option Standard User" line="69">
<doc>Test de l'option "About" du menu burger
Vérifie la redirection vers Saucelabs et le retour</doc>
<tag>about</tag>
<tag>burger_menu</tag>
<tag>standard_user</tag>
<status status="FAIL" start="2026-01-15T20:44:51.441314" elapsed="0.002919">Parent suite setup failed:
SessionNotCreatedException: Message: session not created: Chrome instance exited. Examine ChromeDriver verbose log to determine the cause.; For documentation on this error, please visit: https://www.selenium.dev/documentation/webdriver/troubleshooting/errors#sessionnotcreatedexception
Stacktrace:
#0 0x5a68e5c51b22 &lt;unknown&gt;
#1 0x5a68e5680a56 &lt;unknown&gt;
#2 0x5a68e56bd550 &lt;unknown&gt;
#3 0x5a68e56b7403 &lt;unknown&gt;
#4 0x5a68e5707afc &lt;unknown&gt;
#5 0x5a68e570724d &lt;unknown&gt;
#6 0x5a68e56f7ec7 &lt;unknown&gt;
#7 0x5a68e56c5232 &lt;unknown&gt;
#8 0x5a68e56c60a5 &lt;unknown&gt;
#9 0x5a68e5c16374 &lt;unknown&gt;
#10 0x5a68e5c196b6 &lt;unknown&gt;
#11 0x5a68e5c1916e &lt;unknown&gt;
#12 0x5a68e5c19b29 &lt;unknown&gt;
#13 0x5a68e5c05c8a &lt;unknown&gt;
#14 0x5a68e5c19eaa &lt;unknown&gt;
#15 0x5a68e5bedf59 &lt;unknown&gt;
#16 0x5a68e5c3f159 &lt;unknown&gt;
#17 0x5a68e5c3f34d &lt;unknown&gt;
#18 0x5a68e5c50e2e &lt;unknown&gt;
#19 0x721fb01fbb7b &lt;unknown&gt;
</status>
</test>
<test id="s1-s1-t4" name="Test Reset App State Standard User" line="94">
<doc>Test de l'option "Reset App State" du menu burger
Vérifie que le badge du panier est vidé et que les boutons sont restaurés</doc>
<tag>burger_menu</tag>
<tag>critical</tag>
<tag>reset</tag>
<tag>standard_user</tag>
<status status="FAIL" start="2026-01-15T20:44:51.445496" elapsed="0.002998">Parent suite setup failed:
SessionNotCreatedException: Message: session not created: Chrome instance exited. Examine ChromeDriver verbose log to determine the cause.; For documentation on this error, please visit: https://www.selenium.dev/documentation/webdriver/troubleshooting/errors#sessionnotcreatedexception
Stacktrace:
#0 0x5a68e5c51b22 &lt;unknown&gt;
#1 0x5a68e5680a56 &lt;unknown&gt;
#2 0x5a68e56bd550 &lt;unknown&gt;
#3 0x5a68e56b7403 &lt;unknown&gt;
#4 0x5a68e5707afc &lt;unknown&gt;
#5 0x5a68e570724d &lt;unknown&gt;
#6 0x5a68e56f7ec7 &lt;unknown&gt;
#7 0x5a68e56c5232 &lt;unknown&gt;
#8 0x5a68e56c60a5 &lt;unknown&gt;
#9 0x5a68e5c16374 &lt;unknown&gt;
#10 0x5a68e5c196b6 &lt;unknown&gt;
#11 0x5a68e5c1916e &lt;unknown&gt;
#12 0x5a68e5c19b29 &lt;unknown&gt;
#13 0x5a68e5c05c8a &lt;unknown&gt;
#14 0x5a68e5c19eaa &lt;unknown&gt;
#15 0x5a68e5bedf59 &lt;unknown&gt;
#16 0x5a68e5c3f159 &lt;unknown&gt;
#17 0x5a68e5c3f34d &lt;unknown&gt;
#18 0x5a68e5c50e2e &lt;unknown&gt;
#19 0x721fb01fbb7b &lt;unknown&gt;
</status>
</test>
<test id="s1-s1-t5" name="Test Logout Standard User" line="128">
<doc>Test de l'option "Logout" du menu burger
Vérifie la déconnexion et le retour à la page login</doc>
<tag>burger_menu</tag>
<tag>critical</tag>
<tag>logout</tag>
<tag>standard_user</tag>
<status status="FAIL" start="2026-01-15T20:44:51.449711" elapsed="0.001887">Parent suite setup failed:
SessionNotCreatedException: Message: session not created: Chrome instance exited. Examine ChromeDriver verbose log to determine the cause.; For documentation on this error, please visit: https://www.selenium.dev/documentation/webdriver/troubleshooting/errors#sessionnotcreatedexception
Stacktrace:
#0 0x5a68e5c51b22 &lt;unknown&gt;
#1 0x5a68e5680a56 &lt;unknown&gt;
#2 0x5a68e56bd550 &lt;unknown&gt;
#3 0x5a68e56b7403 &lt;unknown&gt;
#4 0x5a68e5707afc &lt;unknown&gt;
#5 0x5a68e570724d &lt;unknown&gt;
#6 0x5a68e56f7ec7 &lt;unknown&gt;
#7 0x5a68e56c5232 &lt;unknown&gt;
#8 0x5a68e56c60a5 &lt;unknown&gt;
#9 0x5a68e5c16374 &lt;unknown&gt;
#10 0x5a68e5c196b6 &lt;unknown&gt;
#11 0x5a68e5c1916e &lt;unknown&gt;
#12 0x5a68e5c19b29 &lt;unknown&gt;
#13 0x5a68e5c05c8a &lt;unknown&gt;
#14 0x5a68e5c19eaa &lt;unknown&gt;
#15 0x5a68e5bedf59 &lt;unknown&gt;
#16 0x5a68e5c3f159 &lt;unknown&gt;
#17 0x5a68e5c3f34d &lt;unknown&gt;
#18 0x5a68e5c50e2e &lt;unknown&gt;
#19 0x721fb01fbb7b &lt;unknown&gt;
</status>
</test>
<test id="s1-s1-t6" name="Test Menu Burger Global Problem User" line="151">
<doc>Test d'ouverture du menu burger et vérification des options
pour l'utilisateur problem_user</doc>
<tag>burger_menu</tag>
<tag>known_issue</tag>
<tag>menu_visibility</tag>
<tag>problem_user</tag>
<status status="FAIL" start="2026-01-15T20:44:51.452759" elapsed="0.001661">Parent suite setup failed:
SessionNotCreatedException: Message: session not created: Chrome instance exited. Examine ChromeDriver verbose log to determine the cause.; For documentation on this error, please visit: https://www.selenium.dev/documentation/webdriver/troubleshooting/errors#sessionnotcreatedexception
Stacktrace:
#0 0x5a68e5c51b22 &lt;unknown&gt;
#1 0x5a68e5680a56 &lt;unknown&gt;
#2 0x5a68e56bd550 &lt;unknown&gt;
#3 0x5a68e56b7403 &lt;unknown&gt;
#4 0x5a68e5707afc &lt;unknown&gt;
#5 0x5a68e570724d &lt;unknown&gt;
#6 0x5a68e56f7ec7 &lt;unknown&gt;
#7 0x5a68e56c5232 &lt;unknown&gt;
#8 0x5a68e56c60a5 &lt;unknown&gt;
#9 0x5a68e5c16374 &lt;unknown&gt;
#10 0x5a68e5c196b6 &lt;unknown&gt;
#11 0x5a68e5c1916e &lt;unknown&gt;
#12 0x5a68e5c19b29 &lt;unknown&gt;
#13 0x5a68e5c05c8a &lt;unknown&gt;
#14 0x5a68e5c19eaa &lt;unknown&gt;
#15 0x5a68e5bedf59 &lt;unknown&gt;
#16 0x5a68e5c3f159 &lt;unknown&gt;
#17 0x5a68e5c3f34d &lt;unknown&gt;
#18 0x5a68e5c50e2e &lt;unknown&gt;
#19 0x721fb01fbb7b &lt;unknown&gt;
</status>
</test>
<test id="s1-s1-t7" name="Test All Items Option For Problem User" line="176">
<doc>Test de l'option "All Items" du menu burger
pour problem_user</doc>
<tag>all_items</tag>
<tag>burger_menu</tag>
<tag>known_issue</tag>
<tag>problem_user</tag>
<status status="FAIL" start="2026-01-15T20:44:51.455718" elapsed="0.002793">Parent suite setup failed:
SessionNotCreatedException: Message: session not created: Chrome instance exited. Examine ChromeDriver verbose log to determine the cause.; For documentation on this error, please visit: https://www.selenium.dev/documentation/webdriver/troubleshooting/errors#sessionnotcreatedexception
Stacktrace:
#0 0x5a68e5c51b22 &lt;unknown&gt;
#1 0x5a68e5680a56 &lt;unknown&gt;
#2 0x5a68e56bd550 &lt;unknown&gt;
#3 0x5a68e56b7403 &lt;unknown&gt;
#4 0x5a68e5707afc &lt;unknown&gt;
#5 0x5a68e570724d &lt;unknown&gt;
#6 0x5a68e56f7ec7 &lt;unknown&gt;
#7 0x5a68e56c5232 &lt;unknown&gt;
#8 0x5a68e56c60a5 &lt;unknown&gt;
#9 0x5a68e5c16374 &lt;unknown&gt;
#10 0x5a68e5c196b6 &lt;unknown&gt;
#11 0x5a68e5c1916e &lt;unknown&gt;
#12 0x5a68e5c19b29 &lt;unknown&gt;
#13 0x5a68e5c05c8a &lt;unknown&gt;
#14 0x5a68e5c19eaa &lt;unknown&gt;
#15 0x5a68e5bedf59 &lt;unknown&gt;
#16 0x5a68e5c3f159 &lt;unknown&gt;
#17 0x5a68e5c3f34d &lt;unknown&gt;
#18 0x5a68e5c50e2e &lt;unknown&gt;
#19 0x721fb01fbb7b &lt;unknown&gt;
</status>
</test>
<test id="s1-s1-t8" name="Test About Option Problem User" line="198">
<doc>Test de l'option "About" du menu burger pour problem_user
ÉCHEC ATTENDU: La page Saucelabs ne s'ouvre pas correctement</doc>
<tag>about</tag>
<tag>burger_menu</tag>
<tag>known_issue</tag>
<tag>problem_user</tag>
<status status="FAIL" start="2026-01-15T20:44:51.459864" elapsed="0.002143">Parent suite setup failed:
SessionNotCreatedException: Message: session not created: Chrome instance exited. Examine ChromeDriver verbose log to determine the cause.; For documentation on this error, please visit: https://www.selenium.dev/documentation/webdriver/troubleshooting/errors#sessionnotcreatedexception
Stacktrace:
#0 0x5a68e5c51b22 &lt;unknown&gt;
#1 0x5a68e5680a56 &lt;unknown&gt;
#2 0x5a68e56bd550 &lt;unknown&gt;
#3 0x5a68e56b7403 &lt;unknown&gt;
#4 0x5a68e5707afc &lt;unknown&gt;
#5 0x5a68e570724d &lt;unknown&gt;
#6 0x5a68e56f7ec7 &lt;unknown&gt;
#7 0x5a68e56c5232 &lt;unknown&gt;
#8 0x5a68e56c60a5 &lt;unknown&gt;
#9 0x5a68e5c16374 &lt;unknown&gt;
#10 0x5a68e5c196b6 &lt;unknown&gt;
#11 0x5a68e5c1916e &lt;unknown&gt;
#12 0x5a68e5c19b29 &lt;unknown&gt;
#13 0x5a68e5c05c8a &lt;unknown&gt;
#14 0x5a68e5c19eaa &lt;unknown&gt;
#15 0x5a68e5bedf59 &lt;unknown&gt;
#16 0x5a68e5c3f159 &lt;unknown&gt;
#17 0x5a68e5c3f34d &lt;unknown&gt;
#18 0x5a68e5c50e2e &lt;unknown&gt;
#19 0x721fb01fbb7b &lt;unknown&gt;
</status>
</test>
<test id="s1-s1-t9" name="Test Reset App State Problem User" line="236">
<doc>Test de l'option "Reset App State" du menu burger
pour problem_user</doc>
<tag>burger_menu</tag>
<tag>known_issue</tag>
<tag>problem_user</tag>
<tag>reset</tag>
<status status="FAIL" start="2026-01-15T20:44:51.463579" elapsed="0.002638">Parent suite setup failed:
SessionNotCreatedException: Message: session not created: Chrome instance exited. Examine ChromeDriver verbose log to determine the cause.; For documentation on this error, please visit: https://www.selenium.dev/documentation/webdriver/troubleshooting/errors#sessionnotcreatedexception
Stacktrace:
#0 0x5a68e5c51b22 &lt;unknown&gt;
#1 0x5a68e5680a56 &lt;unknown&gt;
#2 0x5a68e56bd550 &lt;unknown&gt;
#3 0x5a68e56b7403 &lt;unknown&gt;
#4 0x5a68e5707afc &lt;unknown&gt;
#5 0x5a68e570724d &lt;unknown&gt;
#6 0x5a68e56f7ec7 &lt;unknown&gt;
#7 0x5a68e56c5232 &lt;unknown&gt;
#8 0x5a68e56c60a5 &lt;unknown&gt;
#9 0x5a68e5c16374 &lt;unknown&gt;
#10 0x5a68e5c196b6 &lt;unknown&gt;
#11 0x5a68e5c1916e &lt;unknown&gt;
#12 0x5a68e5c19b29 &lt;unknown&gt;
#13 0x5a68e5c05c8a &lt;unknown&gt;
#14 0x5a68e5c19eaa &lt;unknown&gt;
#15 0x5a68e5bedf59 &lt;unknown&gt;
#16 0x5a68e5c3f159 &lt;unknown&gt;
#17 0x5a68e5c3f34d &lt;unknown&gt;
#18 0x5a68e5c50e2e &lt;unknown&gt;
#19 0x721fb01fbb7b &lt;unknown&gt;
</status>
</test>
<test id="s1-s1-t10" name="Test Logout Problem User" line="269">
<doc>Test de l'option "Logout" du menu burger pour problem_user
Vérifie la déconnexion et le retour à la page login</doc>
<tag>burger_menu</tag>
<tag>known_issue</tag>
<tag>logout</tag>
<tag>problem_user</tag>
<status status="FAIL" start="2026-01-15T20:44:51.467642" elapsed="0.002910">Parent suite setup failed:
SessionNotCreatedException: Message: session not created: Chrome instance exited. Examine ChromeDriver verbose log to determine the cause.; For documentation on this error, please visit: https://www.selenium.dev/documentation/webdriver/troubleshooting/errors#sessionnotcreatedexception
Stacktrace:
#0 0x5a68e5c51b22 &lt;unknown&gt;
#1 0x5a68e5680a56 &lt;unknown&gt;
#2 0x5a68e56bd550 &lt;unknown&gt;
#3 0x5a68e56b7403 &lt;unknown&gt;
#4 0x5a68e5707afc &lt;unknown&gt;
#5 0x5a68e570724d &lt;unknown&gt;
#6 0x5a68e56f7ec7 &lt;unknown&gt;
#7 0x5a68e56c5232 &lt;unknown&gt;
#8 0x5a68e56c60a5 &lt;unknown&gt;
#9 0x5a68e5c16374 &lt;unknown&gt;
#10 0x5a68e5c196b6 &lt;unknown&gt;
#11 0x5a68e5c1916e &lt;unknown&gt;
#12 0x5a68e5c19b29 &lt;unknown&gt;
#13 0x5a68e5c05c8a &lt;unknown&gt;
#14 0x5a68e5c19eaa &lt;unknown&gt;
#15 0x5a68e5bedf59 &lt;unknown&gt;
#16 0x5a68e5c3f159 &lt;unknown&gt;
#17 0x5a68e5c3f34d &lt;unknown&gt;
#18 0x5a68e5c50e2e &lt;unknown&gt;
#19 0x721fb01fbb7b &lt;unknown&gt;
</status>
</test>
<test id="s1-s1-t11" name="Test Locked Out User Cannot Login" line="292">
<doc>Vérifie que l'utilisateur verrouillé ne peut pas se connecter
Un message d'erreur approprié doit être affiché</doc>
<tag>locked_user</tag>
<tag>login</tag>
<tag>negative_test</tag>
<status status="FAIL" start="2026-01-15T20:44:51.472048" elapsed="0.002963">Parent suite setup failed:
SessionNotCreatedException: Message: session not created: Chrome instance exited. Examine ChromeDriver verbose log to determine the cause.; For documentation on this error, please visit: https://www.selenium.dev/documentation/webdriver/troubleshooting/errors#sessionnotcreatedexception
Stacktrace:
#0 0x5a68e5c51b22 &lt;unknown&gt;
#1 0x5a68e5680a56 &lt;unknown&gt;
#2 0x5a68e56bd550 &lt;unknown&gt;
#3 0x5a68e56b7403 &lt;unknown&gt;
#4 0x5a68e5707afc &lt;unknown&gt;
#5 0x5a68e570724d &lt;unknown&gt;
#6 0x5a68e56f7ec7 &lt;unknown&gt;
#7 0x5a68e56c5232 &lt;unknown&gt;
#8 0x5a68e56c60a5 &lt;unknown&gt;
#9 0x5a68e5c16374 &lt;unknown&gt;
#10 0x5a68e5c196b6 &lt;unknown&gt;
#11 0x5a68e5c1916e &lt;unknown&gt;
#12 0x5a68e5c19b29 &lt;unknown&gt;
#13 0x5a68e5c05c8a &lt;unknown&gt;
#14 0x5a68e5c19eaa &lt;unknown&gt;
#15 0x5a68e5bedf59 &lt;unknown&gt;
#16 0x5a68e5c3f159 &lt;unknown&gt;
#17 0x5a68e5c3f34d &lt;unknown&gt;
#18 0x5a68e5c50e2e &lt;unknown&gt;
#19 0x721fb01fbb7b &lt;unknown&gt;
</status>
</test>
<kw name="Close Browser" owner="Lib1" type="TEARDOWN">
<doc>Ferme le navigateur et nettoie les ressources</doc>
<status status="PASS" start="2026-01-15T20:44:51.478132" elapsed="0.000556"/>
</kw>
<doc>Tests de navigation dans le menu burger de SauceDemo
Tests séparés par fonctionnalité pour chaque type d'utilisateur</doc>
<status status="FAIL" start="2026-01-15T20:44:46.915592" elapsed="4.563266">Suite setup failed:
SessionNotCreatedException: Message: session not created: Chrome instance exited. Examine ChromeDriver verbose log to determine the cause.; For documentation on this error, please visit: https://www.selenium.dev/documentation/webdriver/troubleshooting/errors#sessionnotcreatedexception
Stacktrace:
#0 0x5a68e5c51b22 &lt;unknown&gt;
#1 0x5a68e5680a56 &lt;unknown&gt;
#2 0x5a68e56bd550 &lt;unknown&gt;
#3 0x5a68e56b7403 &lt;unknown&gt;
#4 0x5a68e5707afc &lt;unknown&gt;
#5 0x5a68e570724d &lt;unknown&gt;
#6 0x5a68e56f7ec7 &lt;unknown&gt;
#7 0x5a68e56c5232 &lt;unknown&gt;
#8 0x5a68e56c60a5 &lt;unknown&gt;
#9 0x5a68e5c16374 &lt;unknown&gt;
#10 0x5a68e5c196b6 &lt;unknown&gt;
#11 0x5a68e5c1916e &lt;unknown&gt;
#12 0x5a68e5c19b29 &lt;unknown&gt;
#13 0x5a68e5c05c8a &lt;unknown&gt;
#14 0x5a68e5c19eaa &lt;unknown&gt;
#15 0x5a68e5bedf59 &lt;unknown&gt;
#16 0x5a68e5c3f159 &lt;unknown&gt;
#17 0x5a68e5c3f34d &lt;unknown&gt;
#18 0x5a68e5c50e2e &lt;unknown&gt;
#19 0x721fb01fbb7b &lt;unknown&gt;
</status>
</suite>
<status status="FAIL" start="2026-01-15T20:44:46.881618" elapsed="4.600692"/>
</suite>
<statistics>
<total>
<stat pass="0" fail="11" skip="0">All Tests</stat>
</total>
<tag>
<stat pass="0" fail="2" skip="0">about</stat>
<stat pass="0" fail="2" skip="0">all_items</stat>
<stat pass="0" fail="10" skip="0">burger_menu</stat>
<stat pass="0" fail="3" skip="0">critical</stat>
<stat pass="0" fail="5" skip="0">known_issue</stat>
<stat pass="0" fail="1" skip="0">locked_user</stat>
<stat pass="0" fail="1" skip="0">login</stat>
<stat pass="0" fail="2" skip="0">logout</stat>
<stat pass="0" fail="2" skip="0">menu_visibility</stat>
<stat pass="0" fail="1" skip="0">negative_test</stat>
<stat pass="0" fail="5" skip="0">problem_user</stat>
<stat pass="0" fail="2" skip="0">reset</stat>
<stat pass="0" fail="5" skip="0">standard_user</stat>
</tag>
<suite>
<stat name="Tests" id="s1" pass="0" fail="11" skip="0">Tests</stat>
<stat name="Burger Menu Navigation" id="s1-s1" pass="0" fail="11" skip="0">Tests.Burger Menu Navigation</stat>
</suite>
</statistics>
<errors>
</errors>
</robot>
